Base path: C:/Program Files (x86)/Unity/Editor/Data
Pipe name: \\.\pipe\UnityShaderCompiler-4-9564
Cmd: getPlatforms
Cmd: compileSnippet
  api=0 type=1 insize=2125 outsize=615 kw= ok=1
Cmd: compileSnippet
  api=0 type=0 insize=7786 outsize=1744 kw=DIRECTIONAL SHADOWS_SCREEN LIGHTMAP_OFF DIRLIGHTMAP_OFF ok=1
Cmd: compileSnippet
  api=1 type=0 insize=7786 outsize=740 kw=DIRECTIONAL SHADOWS_SCREEN LIGHTMAP_ON DIRLIGHTMAP_OFF ok=1
Cmd: compileSnippet
  api=8 type=0 insize=7786 outsize=9157 kw=DIRECTIONAL SHADOWS_OFF LIGHTMAP_OFF DIRLIGHTMAP_OFF VERTEXLIGHT_ON ok=1
Cmd: compileSnippet
  api=0 type=1 insize=7786 outsize=634 kw=DIRECTIONAL SHADOWS_OFF LIGHTMAP_ON DIRLIGHTMAP_OFF ok=1
Cmd: compileSnippet
  api=4 type=1 insize=7786 outsize=3907 kw=DIRECTIONAL SHADOWS_SCREEN LIGHTMAP_OFF DIRLIGHTMAP_OFF ok=1
Cmd: compileSnippet
  api=8 type=0 insize=5479 outsize=4510 kw=DIRECTIONAL ok=1
Cmd: compileSnippet
  api=8 type=0 insize=5479 outsize=5663 kw=POINT_COOKIE ok=1
Cmd: compileSnippet
  api=1 type=1 insize=5479 outsize=1355 kw=SPOT ok=1
Cmd: compileSnippet
  api=4 type=1 insize=5479 outsize=3842 kw=POINT_COOKIE ok=1
Cmd: compileSnippet
  api=0 type=0 insize=7262 outsize=1472 kw=LIGHTMAP_OFF DIRLIGHTMAP_OFF HDR_LIGHT_PREPASS_OFF ok=1
Cmd: compileSnippet
  api=0 type=0 insize=7262 outsize=1425 kw=LIGHTMAP_ON DIRLIGHTMAP_OFF HDR_LIGHT_PREPASS_ON ok=1
Cmd: compileSnippet
  api=0 type=1 insize=7262 outsize=1275 kw=LIGHTMAP_ON DIRLIGHTMAP_OFF HDR_LIGHT_PREPASS_OFF ok=1
Cmd: compileSnippet
  api=0 type=1 insize=7262 outsize=1224 kw=LIGHTMAP_ON DIRLIGHTMAP_OFF HDR_LIGHT_PREPASS_ON ok=1
Cmd: compileSnippet
  api=0 type=0 insize=4339 outsize=919 kw=DIRECTIONAL LIGHTMAP_OFF DIRLIGHTMAP_OFF ok=1
Cmd: compileSnippet
  api=1 type=0 insize=4339 outsize=190 kw=DIRECTIONAL LIGHTMAP_ON DIRLIGHTMAP_ON ok=1
Cmd: compileSnippet
  api=4 type=1 insize=4339 outsize=1128 kw=DIRECTIONAL LIGHTMAP_ON DIRLIGHTMAP_OFF ok=1
Cmd: compileSnippet
  api=0 type=0 insize=2297 outsize=817 kw=POINT ok=1
Cmd: compileSnippet
  api=4 type=0 insize=2297 outsize=2875 kw=POINT_COOKIE ok=1
Cmd: compileSnippet
  api=8 type=0 insize=2297 outsize=3632 kw=DIRECTIONAL_COOKIE ok=1
Cmd: compileSnippet
  api=1 type=1 insize=2297 outsize=277 kw=DIRECTIONAL ok=1
Cmd: compileSnippet
  api=8 type=1 insize=2297 outsize=3088 kw=SPOT ok=1
Unhandled exception: Readfile from pipe failed. GLE=‏‏פעולת הצינור הסתיימה.


Quitting shader compiler process
